
                                DATE:  7/15/2023
                                  TIME: 15:21


                                L I S R E L  8.70

                                       BY

                         Karl G. J”reskog & Dag S”rbom



                    This program is published exclusively by
                    Scientific Software International, Inc.
                       7383 N. Lincoln Avenue, Suite 100
                        Lincolnwood, IL 60712, U.S.A. 
            Phone: (800)247-6113, (847)675-0720, Fax: (847)675-2140
        Copyright by Scientific Software International, Inc., 1981-2004 
          Use of this program is subject to the terms specified in the
                        Universal Copyright Convention.
                          Website: www.ssicentral.com

 The following lines were read from file D:\202206_PRS_GSVA\7.SEM\MayoRNA_beforeQC\UTMOST_Brain_Cerebellum.MayoRNA.predict\SEM_lisrel(Cerebellum).spl:

 DA NI=34 NO=173 MA=KM
 KM FU
 1 0.764 0.775 0.771 -0.217 -0.223 -0.212 -0.075 -0.033 -0.106 0.134 -0.113 -0.133 -0.051 -0.072 -0.091 -0.176 -0.08 -0.076 -0.05 0.002 0.043 0.246 0.083 -0.001 -0.053 0.009 0.021 0.011 0.029 -0.01 -0.007 0.043 -0.044
 0.764 1 0.685 0.659 -0.18 -0.178 -0.175 -0.122 -0.047 -0.159 0.115 -0.13 -0.155 -0.016 -0.013 -0.014 -0.071 -0.129 -0.082 -0.026 -0.01 0.061 0.311 0.037 0.007 0.006 -0.038 0.006 0.012 0.048 0 -0.061 0.096 -0.111
 0.775 0.685 1 0.623 -0.146 -0.145 -0.143 -0.13 -0.077 -0.197 0.114 0.017 -0.028 -0.075 -0.076 -0.144 -0.237 -0.092 -0.032 -0.004 -0.074 -0.009 0.196 -0.001 -0.098 -0.096 0.008 0.025 0.002 0.048 -0.006 0.053 0.095 -0.02
 0.771 0.659 0.623 1 -0.18 -0.181 -0.177 0.031 0.074 -0.04 0.124 -0.143 -0.095 -0.05 -0.06 0.024 -0.09 -0.073 -0.031 0.01 0.006 0.067 0.254 0.116 0.09 0.026 -0.032 -0.029 0.035 0.023 -0.067 -0.052 0.076 -0.065
 -0.217 -0.18 -0.146 -0.18 1 0.997 0.997 0.134 0.077 -0.046 -0.072 0.024 0.026 -0.009 0.056 -0.128 -0.041 -0.064 -0.056 -0.134 -0.047 -0.083 -0.115 -0.061 -0.038 -0.01 0.087 0.091 0.044 0.047 0.028 -0.025 0.046 -0.041
 -0.223 -0.178 -0.145 -0.181 0.997 1 0.994 0.144 0.083 -0.041 -0.062 0.024 0.026 -0.012 0.055 -0.138 -0.053 -0.057 -0.048 -0.124 -0.038 -0.086 -0.112 -0.06 -0.032 -0.01 0.095 0.091 0.047 0.045 0.028 -0.028 0.049 -0.04
 -0.212 -0.175 -0.143 -0.177 0.997 0.994 1 0.139 0.081 -0.041 -0.071 0.018 0.019 -0.014 0.048 -0.137 -0.045 -0.056 -0.051 -0.134 -0.046 -0.092 -0.122 -0.059 -0.05 -0.015 0.09 0.099 0.045 0.045 0.022 -0.027 0.041 -0.037
 -0.075 -0.122 -0.13 0.031 0.134 0.144 0.139 1 0.683 0.666 0.489 0.017 0.022 -0.129 -0.045 -0.014 -0.106 -0.038 -0.059 0.013 -0.016 0.232 0.001 0.421 0.037 0.142 0.091 -0.172 0.02 -0.052 0.046 -0.059 0.034 0.041
 -0.033 -0.047 -0.077 0.074 0.077 0.083 0.081 0.683 1 0.463 0.421 0.022 0.04 -0.188 -0.155 -0.011 -0.078 -0.111 -0.117 0.068 0.003 0.244 -0.048 0.428 0.054 0.097 -0.025 -0.168 0.107 -0.101 -0.015 -0.198 -0.045 0.005
 -0.106 -0.159 -0.197 -0.04 -0.046 -0.041 -0.041 0.666 0.463 1 0.225 0.069 0.053 -0.068 -0.025 0.076 -0.015 0.121 0.06 0.027 0.053 0.16 -0.072 0.312 0.124 0.174 0.065 -0.145 0.078 -0.093 0.08 -0.052 -0.021 0.057
 0.134 0.115 0.114 0.124 -0.072 -0.062 -0.071 0.489 0.421 0.225 1 -0.029 0.006 0.042 0.084 0.01 -0.09 -0.051 -0.018 0.004 -0.01 0.168 0.035 0.259 -0.021 0.041 -0.094 -0.174 0.065 -0.012 -0.038 -0.086 -0.001 -0.022
 -0.113 -0.13 0.017 -0.143 0.024 0.024 0.018 0.017 0.022 0.069 -0.029 1 0.89 0.054 0.006 0.013 -0.054 0.042 0.036 0.057 0.164 0.056 0.099 0.012 -0.219 -0.102 0.013 -0.002 -0.024 -0.084 0.102 -0.103 0.055 -0.052
 -0.133 -0.155 -0.028 -0.095 0.026 0.026 0.019 0.022 0.04 0.053 0.006 0.89 1 0.129 0.076 0.012 -0.042 0.011 -0.023 0.062 0.174 0.075 0.023 0.062 -0.16 -0.077 0.031 -0.006 -0.064 -0.072 0.055 -0.119 -0.005 -0.058
 -0.051 -0.016 -0.075 -0.05 -0.009 -0.012 -0.014 -0.129 -0.188 -0.068 0.042 0.054 0.129 1 0.854 0.15 0.204 0.138 0.21 0.017 0.051 -0.116 -0.06 -0.034 0.018 -0.003 0.009 0.087 -0.141 0.015 -0.053 0.034 -0.041 -0.038
 -0.072 -0.013 -0.076 -0.06 0.056 0.055 0.048 -0.045 -0.155 -0.025 0.084 0.006 0.076 0.854 1 0.144 0.188 0.174 0.224 -0.013 -0.029 -0.174 0.014 -0.098 -0.017 0.007 -0.046 0.07 -0.141 0.023 -0.01 0.109 0.008 -0.073
 -0.091 -0.014 -0.144 0.024 -0.128 -0.138 -0.137 -0.014 -0.011 0.076 0.01 0.013 0.012 0.15 0.144 1 0.764 -0.057 -0.073 0.056 0.045 -0.197 0.063 -0.11 0.033 0.036 -0.083 -0.016 -0.078 0.015 -0.04 -0.129 0.042 0.026
 -0.176 -0.071 -0.237 -0.09 -0.041 -0.053 -0.045 -0.106 -0.078 -0.015 -0.09 -0.054 -0.042 0.204 0.188 0.764 1 -0.086 -0.079 0.006 0.055 -0.227 -0.006 -0.123 0.003 0.075 -0.128 -0.036 -0.118 0.031 -0.004 -0.107 0.021 -0.056
 -0.08 -0.129 -0.092 -0.073 -0.064 -0.057 -0.056 -0.038 -0.111 0.121 -0.051 0.042 0.011 0.138 0.174 -0.057 -0.086 1 0.813 -0.04 0.012 -0.097 -0.095 -0.033 0.042 -0.117 0.089 -0.027 0.017 0.024 0.007 0.141 0.041 0
 -0.076 -0.082 -0.032 -0.031 -0.056 -0.048 -0.051 -0.059 -0.117 0.06 -0.018 0.036 -0.023 0.21 0.224 -0.073 -0.079 0.813 1 -0.069 -0.072 -0.023 -0.01 -0.049 0.036 -0.167 0.024 -0.061 0.081 0.009 0.022 0.037 0.018 -0.01
 -0.05 -0.026 -0.004 0.01 -0.134 -0.124 -0.134 0.013 0.068 0.027 0.004 0.057 0.062 0.017 -0.013 0.056 0.006 -0.04 -0.069 1 0.543 -0.127 -0.044 0.007 -0.167 0.001 -0.104 -0.048 -0.082 0.05 0.053 -0.012 0.029 -0.167
 0.002 -0.01 -0.074 0.006 -0.047 -0.038 -0.046 -0.016 0.003 0.053 -0.01 0.164 0.174 0.051 -0.029 0.045 0.055 0.012 -0.072 0.543 1 -0.106 0.021 0.044 -0.136 -0.077 -0.07 -0.059 -0.194 0.098 0.078 0.002 0.012 -0.163
 0.043 0.061 -0.009 0.067 -0.083 -0.086 -0.092 0.232 0.244 0.16 0.168 0.056 0.075 -0.116 -0.174 -0.197 -0.227 -0.097 -0.023 -0.127 -0.106 1 0.239 0.559 0.096 0.122 -0.058 -0.115 -0.011 -0.125 -0.108 -0.097 0.068 0.064
 0.246 0.311 0.196 0.254 -0.115 -0.112 -0.122 0.001 -0.048 -0.072 0.035 0.099 0.023 -0.06 0.014 0.063 -0.006 -0.095 -0.01 -0.044 0.021 0.239 1 0.132 0.025 -0.008 -0.042 -0.005 -0.005 -0.047 -0.041 -0.003 0.083 -0.054
 0.083 0.037 -0.001 0.116 -0.061 -0.06 -0.059 0.421 0.428 0.312 0.259 0.012 0.062 -0.034 -0.098 -0.11 -0.123 -0.033 -0.049 0.007 0.044 0.559 0.132 1 -0.013 0.075 -0.042 -0.011 -0.094 -0.08 -0.037 -0.032 -0.057 -0.014
 -0.001 0.007 -0.098 0.09 -0.038 -0.032 -0.05 0.037 0.054 0.124 -0.021 -0.219 -0.16 0.018 -0.017 0.033 0.003 0.042 0.036 -0.167 -0.136 0.096 0.025 -0.013 1 0.335 0.011 -0.142 0.098 0.041 -0.068 -0.006 0.059 0.021
 -0.053 0.006 -0.096 0.026 -0.01 -0.01 -0.015 0.142 0.097 0.174 0.041 -0.102 -0.077 -0.003 0.007 0.036 0.075 -0.117 -0.167 0.001 -0.077 0.122 -0.008 0.075 0.335 1 -0.093 -0.104 0.004 0.014 0.052 -0.004 0.023 0.049
 0.009 -0.038 0.008 -0.032 0.087 0.095 0.09 0.091 -0.025 0.065 -0.094 0.013 0.031 0.009 -0.046 -0.083 -0.128 0.089 0.024 -0.104 -0.07 -0.058 -0.042 -0.042 0.011 -0.093 1 0.353 -0.02 0.086 -0.066 -0.033 -0.153 -0.011
 0.021 0.006 0.025 -0.029 0.091 0.091 0.099 -0.172 -0.168 -0.145 -0.174 -0.002 -0.006 0.087 0.07 -0.016 -0.036 -0.027 -0.061 -0.048 -0.059 -0.115 -0.005 -0.011 -0.142 -0.104 0.353 1 -0.041 0.124 -0.174 -0.037 -0.086 0.021
 0.011 0.012 0.002 0.035 0.044 0.047 0.045 0.02 0.107 0.078 0.065 -0.024 -0.064 -0.141 -0.141 -0.078 -0.118 0.017 0.081 -0.082 -0.194 -0.011 -0.005 -0.094 0.098 0.004 -0.02 -0.041 1 -0.322 0.059 -0.112 -0.026 0.069
 0.029 0.048 0.048 0.023 0.047 0.045 0.045 -0.052 -0.101 -0.093 -0.012 -0.084 -0.072 0.015 0.023 0.015 0.031 0.024 0.009 0.05 0.098 -0.125 -0.047 -0.08 0.041 0.014 0.086 0.124 -0.322 1 -0.02 0.096 -0.149 -0.176
 -0.01 0 -0.006 -0.067 0.028 0.028 0.022 0.046 -0.015 0.08 -0.038 0.102 0.055 -0.053 -0.01 -0.04 -0.004 0.007 0.022 0.053 0.078 -0.108 -0.041 -0.037 -0.068 0.052 -0.066 -0.174 0.059 -0.02 1 0.318 0.031 0.025
 -0.007 -0.061 0.053 -0.052 -0.025 -0.028 -0.027 -0.059 -0.198 -0.052 -0.086 -0.103 -0.119 0.034 0.109 -0.129 -0.107 0.141 0.037 -0.012 0.002 -0.097 -0.003 -0.032 -0.006 -0.004 -0.033 -0.037 -0.112 0.096 0.318 1 0.063 -0.039
 0.043 0.096 0.095 0.076 0.046 0.049 0.041 0.034 -0.045 -0.021 -0.001 0.055 -0.005 -0.041 0.008 0.042 0.021 0.041 0.018 0.029 0.012 0.068 0.083 -0.057 0.059 0.023 -0.153 -0.086 -0.026 -0.149 0.031 0.063 1 0.143
 -0.044 -0.111 -0.02 -0.065 -0.041 -0.04 -0.037 0.041 0.005 0.057 -0.022 -0.052 -0.058 -0.038 -0.073 0.026 -0.056 0 -0.01 -0.167 -0.163 0.064 -0.054 -0.014 0.021 0.049 -0.011 0.021 0.069 -0.176 0.025 -0.039 0.143 1
 SE
 1 2 3 4 5 6 7 8 9 10 11 12 13 14 15 16 17 18 19 20 21 22 23 24/
 MO NX=24 NK=9 LX=FU,FI PH=ST TD=DI,FR
 PA LX
 4(1 0 0 0 0 0 0 0 0)
 3(0 1 0 0 0 0 0 0 0)
 4(0 0 1 0 0 0 0 0 0)
 2(0 0 0 1 0 0 0 0 0)
 2(0 0 0 0 1 0 0 0 0)
 2(0 0 0 0 0 1 0 0 0)
 2(0 0 0 0 0 0 1 0 0)
 2(0 0 0 0 0 0 0 1 0)
 3(0 0 0 0 0 0 0 0 1)
 OU MI SS SC IT=5000 AD=OFF

 DA NI=34 NO=173 MA=KM                                                          

                           Number of Input Variables 34
                           Number of Y - Variables    0
                           Number of X - Variables   24
                           Number of ETA - Variables  0
                           Number of KSI - Variables  9
                           Number of Observations   173

 DA NI=34 NO=173 MA=KM                                                          

         Correlation Matrix      

               VAR 1      VAR 2      VAR 3      VAR 4      VAR 5      VAR 6   
            --------   --------   --------   --------   --------   --------
    VAR 1       1.00
    VAR 2       0.76       1.00
    VAR 3       0.78       0.69       1.00
    VAR 4       0.77       0.66       0.62       1.00
    VAR 5      -0.22      -0.18      -0.15      -0.18       1.00
    VAR 6      -0.22      -0.18      -0.14      -0.18       1.00       1.00
    VAR 7      -0.21      -0.17      -0.14      -0.18       1.00       0.99
    VAR 8      -0.07      -0.12      -0.13       0.03       0.13       0.14
    VAR 9      -0.03      -0.05      -0.08       0.07       0.08       0.08
   VAR 10      -0.11      -0.16      -0.20      -0.04      -0.05      -0.04
   VAR 11       0.13       0.12       0.11       0.12      -0.07      -0.06
   VAR 12      -0.11      -0.13       0.02      -0.14       0.02       0.02
   VAR 13      -0.13      -0.15      -0.03      -0.10       0.03       0.03
   VAR 14      -0.05      -0.02      -0.07      -0.05      -0.01      -0.01
   VAR 15      -0.07      -0.01      -0.08      -0.06       0.06       0.06
   VAR 16      -0.09      -0.01      -0.14       0.02      -0.13      -0.14
   VAR 17      -0.18      -0.07      -0.24      -0.09      -0.04      -0.05
   VAR 18      -0.08      -0.13      -0.09      -0.07      -0.06      -0.06
   VAR 19      -0.08      -0.08      -0.03      -0.03      -0.06      -0.05
   VAR 20      -0.05      -0.03       0.00       0.01      -0.13      -0.12
   VAR 21       0.00      -0.01      -0.07       0.01      -0.05      -0.04
   VAR 22       0.04       0.06      -0.01       0.07      -0.08      -0.09
   VAR 23       0.25       0.31       0.20       0.25      -0.12      -0.11
   VAR 24       0.08       0.04       0.00       0.12      -0.06      -0.06

         Correlation Matrix      

               VAR 7      VAR 8      VAR 9     VAR 10     VAR 11     VAR 12   
            --------   --------   --------   --------   --------   --------
    VAR 7       1.00
    VAR 8       0.14       1.00
    VAR 9       0.08       0.68       1.00
   VAR 10      -0.04       0.67       0.46       1.00
   VAR 11      -0.07       0.49       0.42       0.23       1.00
   VAR 12       0.02       0.02       0.02       0.07      -0.03       1.00
   VAR 13       0.02       0.02       0.04       0.05       0.01       0.89
   VAR 14      -0.01      -0.13      -0.19      -0.07       0.04       0.05
   VAR 15       0.05      -0.04      -0.15      -0.03       0.08       0.01
   VAR 16      -0.14      -0.01      -0.01       0.08       0.01       0.01
   VAR 17      -0.04      -0.11      -0.08      -0.01      -0.09      -0.05
   VAR 18      -0.06      -0.04      -0.11       0.12      -0.05       0.04
   VAR 19      -0.05      -0.06      -0.12       0.06      -0.02       0.04
   VAR 20      -0.13       0.01       0.07       0.03       0.00       0.06
   VAR 21      -0.05      -0.02       0.00       0.05      -0.01       0.16
   VAR 22      -0.09       0.23       0.24       0.16       0.17       0.06
   VAR 23      -0.12       0.00      -0.05      -0.07       0.04       0.10
   VAR 24      -0.06       0.42       0.43       0.31       0.26       0.01

         Correlation Matrix      

              VAR 13     VAR 14     VAR 15     VAR 16     VAR 17     VAR 18   
            --------   --------   --------   --------   --------   --------
   VAR 13       1.00
   VAR 14       0.13       1.00
   VAR 15       0.08       0.85       1.00
   VAR 16       0.01       0.15       0.14       1.00
   VAR 17      -0.04       0.20       0.19       0.76       1.00
   VAR 18       0.01       0.14       0.17      -0.06      -0.09       1.00
   VAR 19      -0.02       0.21       0.22      -0.07      -0.08       0.81
   VAR 20       0.06       0.02      -0.01       0.06       0.01      -0.04
   VAR 21       0.17       0.05      -0.03       0.04       0.06       0.01
   VAR 22       0.07      -0.12      -0.17      -0.20      -0.23      -0.10
   VAR 23       0.02      -0.06       0.01       0.06      -0.01      -0.10
   VAR 24       0.06      -0.03      -0.10      -0.11      -0.12      -0.03

         Correlation Matrix      

              VAR 19     VAR 20     VAR 21     VAR 22     VAR 23     VAR 24   
            --------   --------   --------   --------   --------   --------
   VAR 19       1.00
   VAR 20      -0.07       1.00
   VAR 21      -0.07       0.54       1.00
   VAR 22      -0.02      -0.13      -0.11       1.00
   VAR 23      -0.01      -0.04       0.02       0.24       1.00
   VAR 24      -0.05       0.01       0.04       0.56       0.13       1.00


 DA NI=34 NO=173 MA=KM                                                          

 Parameter Specifications

         LAMBDA-X    

               KSI 1      KSI 2      KSI 3      KSI 4      KSI 5      KSI 6
            --------   --------   --------   --------   --------   --------
    VAR 1          1          0          0          0          0          0
    VAR 2          2          0          0          0          0          0
    VAR 3          3          0          0          0          0          0
    VAR 4          4          0          0          0          0          0
    VAR 5          0          5          0          0          0          0
    VAR 6          0          6          0          0          0          0
    VAR 7          0          7          0          0          0          0
    VAR 8          0          0          8          0          0          0
    VAR 9          0          0          9          0          0          0
   VAR 10          0          0         10          0          0          0
   VAR 11          0          0         11          0          0          0
   VAR 12          0          0          0         12          0          0
   VAR 13          0          0          0         13          0          0
   VAR 14          0          0          0          0         14          0
   VAR 15          0          0          0          0         15          0
   VAR 16          0          0          0          0          0         16
   VAR 17          0          0          0          0          0         17
   VAR 18          0          0          0          0          0          0
   VAR 19          0          0          0          0          0          0
   VAR 20          0          0          0          0          0          0
   VAR 21          0          0          0          0          0          0
   VAR 22          0          0          0          0          0          0
   VAR 23          0          0          0          0          0          0
   VAR 24          0          0          0          0          0          0

         LAMBDA-X    

               KSI 7      KSI 8      KSI 9
            --------   --------   --------
    VAR 1          0          0          0
    VAR 2          0          0          0
    VAR 3          0          0          0
    VAR 4          0          0          0
    VAR 5          0          0          0
    VAR 6          0          0          0
    VAR 7          0          0          0
    VAR 8          0          0          0
    VAR 9          0          0          0
   VAR 10          0          0          0
   VAR 11          0          0          0
   VAR 12          0          0          0
   VAR 13          0          0          0
   VAR 14          0          0          0
   VAR 15          0          0          0
   VAR 16          0          0          0
   VAR 17          0          0          0
   VAR 18         18          0          0
   VAR 19         19          0          0
   VAR 20          0         20          0
   VAR 21          0         21          0
   VAR 22          0          0         22
   VAR 23          0          0         23
   VAR 24          0          0         24

         PHI         

               KSI 1      KSI 2      KSI 3      KSI 4      KSI 5      KSI 6
            --------   --------   --------   --------   --------   --------
    KSI 1          0
    KSI 2         25          0
    KSI 3         26         27          0
    KSI 4         28         29         30          0
    KSI 5         31         32         33         34          0
    KSI 6         35         36         37         38         39          0
    KSI 7         40         41         42         43         44         45
    KSI 8         46         47         48         49         50         51
    KSI 9         53         54         55         56         57         58

         PHI         

               KSI 7      KSI 8      KSI 9
            --------   --------   --------
    KSI 7          0
    KSI 8         52          0
    KSI 9         59         60          0

         THETA-DELTA 

               VAR 1      VAR 2      VAR 3      VAR 4      VAR 5      VAR 6
            --------   --------   --------   --------   --------   --------
                  61         62         63         64         65         66

         THETA-DELTA 

               VAR 7      VAR 8      VAR 9     VAR 10     VAR 11     VAR 12
            --------   --------   --------   --------   --------   --------
                  67         68         69         70         71         72

         THETA-DELTA 

              VAR 13     VAR 14     VAR 15     VAR 16     VAR 17     VAR 18
            --------   --------   --------   --------   --------   --------
                  73         74         75         76         77         78

         THETA-DELTA 

              VAR 19     VAR 20     VAR 21     VAR 22     VAR 23     VAR 24
            --------   --------   --------   --------   --------   --------
                  79         80         81         82         83         84
 


 DA NI=34 NO=173 MA=KM                                                          

 Number of Iterations = 95

 LISREL Estimates (Maximum Likelihood)                           

         LAMBDA-X    

               KSI 1      KSI 2      KSI 3      KSI 4      KSI 5      KSI 6   
            --------   --------   --------   --------   --------   --------
    VAR 1       0.96        - -        - -        - -        - -        - -
              (0.06)
               16.45
 
    VAR 2       0.81        - -        - -        - -        - -        - -
              (0.06)
               12.62
 
    VAR 3       0.81        - -        - -        - -        - -        - -
              (0.06)
               12.71
 
    VAR 4       0.80        - -        - -        - -        - -        - -
              (0.06)
               12.42
 
    VAR 5        - -       1.00        - -        - -        - -        - -
                         (0.05)
                          18.55
 
    VAR 6        - -       1.00        - -        - -        - -        - -
                         (0.05)
                          18.44
 
    VAR 7        - -       1.00        - -        - -        - -        - -
                         (0.05)
                          18.44
 
    VAR 8        - -        - -       0.97        - -        - -        - -
                                    (0.06)
                                     15.73
 
    VAR 9        - -        - -       0.71        - -        - -        - -
                                    (0.07)
                                     10.17
 
   VAR 10        - -        - -       0.68        - -        - -        - -
                                    (0.07)
                                      9.66
 
   VAR 11        - -        - -       0.50        - -        - -        - -
                                    (0.07)
                                      6.75
 
   VAR 12        - -        - -        - -       0.60        - -        - -
                                               (0.20)
                                                 3.07
 
   VAR 13        - -        - -        - -       1.48        - -        - -
                                               (0.45)
                                                 3.28
 
   VAR 14        - -        - -        - -        - -       0.96        - -
                                                          (0.07)
                                                           12.82
 
   VAR 15        - -        - -        - -        - -       0.89        - -
                                                          (0.07)
                                                           11.94
 
   VAR 16        - -        - -        - -        - -        - -       0.75
                                                                     (0.09)
                                                                       7.99
 
   VAR 17        - -        - -        - -        - -        - -       1.02
                                                                     (0.11)
                                                                       9.59
 
   VAR 18        - -        - -        - -        - -        - -        - -
 
   VAR 19        - -        - -        - -        - -        - -        - -
 
   VAR 20        - -        - -        - -        - -        - -        - -
 
   VAR 21        - -        - -        - -        - -        - -        - -
 
   VAR 22        - -        - -        - -        - -        - -        - -
 
   VAR 23        - -        - -        - -        - -        - -        - -
 
   VAR 24        - -        - -        - -        - -        - -        - -
 

         LAMBDA-X    

               KSI 7      KSI 8      KSI 9   
            --------   --------   --------
    VAR 1        - -        - -        - -
 
    VAR 2        - -        - -        - -
 
    VAR 3        - -        - -        - -
 
    VAR 4        - -        - -        - -
 
    VAR 5        - -        - -        - -
 
    VAR 6        - -        - -        - -
 
    VAR 7        - -        - -        - -
 
    VAR 8        - -        - -        - -
 
    VAR 9        - -        - -        - -
 
   VAR 10        - -        - -        - -
 
   VAR 11        - -        - -        - -
 
   VAR 12        - -        - -        - -
 
   VAR 13        - -        - -        - -
 
   VAR 14        - -        - -        - -
 
   VAR 15        - -        - -        - -
 
   VAR 16        - -        - -        - -
 
   VAR 17        - -        - -        - -
 
   VAR 18       0.79        - -        - -
              (0.09)
                8.77
 
   VAR 19       1.03        - -        - -
              (0.10)
               10.40
 
   VAR 20        - -       1.21        - -
                         (0.56)
                           2.16
 
   VAR 21        - -       0.45        - -
                         (0.22)
                           2.04
 
   VAR 22        - -        - -       0.66
                                    (0.09)
                                      7.73
 
   VAR 23        - -        - -       0.19
                                    (0.08)
                                      2.25
 
   VAR 24        - -        - -       0.85
                                    (0.09)
                                      9.45
 

         PHI         

               KSI 1      KSI 2      KSI 3      KSI 4      KSI 5      KSI 6   
            --------   --------   --------   --------   --------   --------
    KSI 1       1.00
 
    KSI 2      -0.22       1.00
              (0.07)
               -2.95
 
    KSI 3      -0.08       0.12       1.00
              (0.08)     (0.08)
               -1.03       1.60
 
    KSI 4      -0.04       0.01       0.01       1.00
              (0.04)     (0.04)     (0.04)
               -0.99       0.21       0.29
 
    KSI 5      -0.06       0.01      -0.12       0.09       1.00
              (0.08)     (0.08)     (0.08)     (0.06)
               -0.78       0.13      -1.48       1.40
 
    KSI 6      -0.18      -0.03      -0.11       0.00       0.21       1.00
              (0.08)     (0.07)     (0.08)     (0.03)     (0.08)
               -2.32      -0.44      -1.43      -0.04       2.71
 
    KSI 7      -0.07      -0.05      -0.06      -0.05       0.22      -0.07
              (0.08)     (0.07)     (0.08)     (0.05)     (0.08)     (0.07)
               -0.86      -0.70      -0.77      -1.11       2.95      -0.98
 
    KSI 8      -0.03      -0.11       0.02       0.01       0.00      -0.01
              (0.07)     (0.09)     (0.06)     (0.03)     (0.06)     (0.06)
               -0.47      -1.30       0.29       0.24       0.03      -0.14
 
    KSI 9       0.10      -0.09       0.48       0.05      -0.10      -0.18
              (0.09)     (0.09)     (0.08)     (0.05)     (0.09)     (0.08)
                1.15      -1.04       6.39       1.07      -1.12      -2.15
 

         PHI         

               KSI 7      KSI 8      KSI 9   
            --------   --------   --------
    KSI 7       1.00
 
    KSI 8      -0.05       1.00
              (0.06)
               -0.71
 
    KSI 9      -0.05      -0.04       1.00
              (0.08)     (0.07)
               -0.57      -0.49
 

         THETA-DELTA 

               VAR 1      VAR 2      VAR 3      VAR 4      VAR 5      VAR 6   
            --------   --------   --------   --------   --------   --------
                0.09       0.35       0.34       0.36       0.00       0.01
              (0.03)     (0.04)     (0.04)     (0.04)     (0.00)     (0.00)
                3.03       7.93       7.89       8.03       0.00       7.57
 

         THETA-DELTA 

               VAR 7      VAR 8      VAR 9     VAR 10     VAR 11     VAR 12   
            --------   --------   --------   --------   --------   --------
                0.01       0.05       0.50       0.54       0.75       0.64
              (0.00)     (0.05)     (0.06)     (0.06)     (0.08)     (0.23)
                7.57       0.92       8.10       8.35       9.04       2.74
 

         THETA-DELTA 

              VAR 13     VAR 14     VAR 15     VAR 16     VAR 17     VAR 18   
            --------   --------   --------   --------   --------   --------
               -1.18       0.09       0.20       0.44      -0.04       0.37
              (1.34)     (0.09)     (0.08)     (0.11)     (0.19)     (0.11)
               -0.88       0.91       2.39       3.93      -0.22       3.40
 

         THETA-DELTA 

              VAR 19     VAR 20     VAR 21     VAR 22     VAR 23     VAR 24   
            --------   --------   --------   --------   --------   --------
               -0.05      -0.47       0.80       0.57       0.96       0.27
              (0.17)     (1.36)     (0.20)     (0.09)     (0.10)     (0.12)
               -0.31      -0.35       3.91       6.20       9.18       2.32
 

         Squared Multiple Correlations for X - Variables         

               VAR 1      VAR 2      VAR 3      VAR 4      VAR 5      VAR 6   
            --------   --------   --------   --------   --------   --------
                0.91       0.65       0.66       0.64       1.00       0.99

         Squared Multiple Correlations for X - Variables         

               VAR 7      VAR 8      VAR 9     VAR 10     VAR 11     VAR 12   
            --------   --------   --------   --------   --------   --------
                0.99       0.95       0.50       0.46       0.25       0.36

         Squared Multiple Correlations for X - Variables         

              VAR 13     VAR 14     VAR 15     VAR 16     VAR 17     VAR 18   
            --------   --------   --------   --------   --------   --------
                2.18       0.91       0.80       0.56       1.04       0.63

         Squared Multiple Correlations for X - Variables         

              VAR 19     VAR 20     VAR 21     VAR 22     VAR 23     VAR 24   
            --------   --------   --------   --------   --------   --------
                1.05       1.47       0.20       0.43       0.04       0.73


                           Goodness of Fit Statistics

                             Degrees of Freedom = 216
              Minimum Fit Function Chi-Square = 301.23 (P = 0.00011)
      Normal Theory Weighted Least Squares Chi-Square = 277.84 (P = 0.0029)
                 Estimated Non-centrality Parameter (NCP) = 61.84
            90 Percent Confidence Interval for NCP = (22.99 ; 108.81)
 
                        Minimum Fit Function Value = 1.75
                Population Discrepancy Function Value (F0) = 0.36
              90 Percent Confidence Interval for F0 = (0.13 ; 0.63)
             Root Mean Square Error of Approximation (RMSEA) = 0.041
            90 Percent Confidence Interval for RMSEA = (0.025 ; 0.054)
               P-Value for Test of Close Fit (RMSEA < 0.05) = 0.86
 
                  Expected Cross-Validation Index (ECVI) = 2.59
             90 Percent Confidence Interval for ECVI = (2.37 ; 2.87)
                         ECVI for Saturated Model = 3.49
                       ECVI for Independence Model = 14.44
 
     Chi-Square for Independence Model with 276 Degrees of Freedom = 2436.00
                            Independence AIC = 2484.00
                                Model AIC = 445.84
                              Saturated AIC = 600.00
                           Independence CAIC = 2583.68
                               Model CAIC = 794.71
                             Saturated CAIC = 1845.99
 
                          Normed Fit Index (NFI) = 0.88
                        Non-Normed Fit Index (NNFI) = 0.95
                     Parsimony Normed Fit Index (PNFI) = 0.69
                        Comparative Fit Index (CFI) = 0.96
                        Incremental Fit Index (IFI) = 0.96
                         Relative Fit Index (RFI) = 0.84
 
                             Critical N (CN) = 153.61
 
 
                     Root Mean Square Residual (RMR) = 0.063
                             Standardized RMR = 0.063
                        Goodness of Fit Index (GFI) = 0.88
                   Adjusted Goodness of Fit Index (AGFI) = 0.84
                  Parsimony Goodness of Fit Index (PGFI) = 0.63

 DA NI=34 NO=173 MA=KM                                                          

 Modification Indices and Expected Change

         Modification Indices for LAMBDA-X       

               KSI 1      KSI 2      KSI 3      KSI 4      KSI 5      KSI 6   
            --------   --------   --------   --------   --------   --------
    VAR 1        - -       0.24       0.17       0.84       0.00       0.18
    VAR 2        - -       0.00       1.60       1.44       0.66       3.09
    VAR 3        - -       0.68       2.41       0.00       0.45       5.07
    VAR 4        - -       0.01       5.27       6.82       0.00       1.40
    VAR 5       0.00        - -       3.56       0.07       1.05       3.48
    VAR 6       0.56        - -       3.08       0.02       0.19       4.14
    VAR 7       0.53        - -       0.83       0.27       1.04       0.36
    VAR 8       0.42       6.39        - -       0.34       0.19       0.14
    VAR 9       0.28       0.04        - -       0.43       3.95       0.00
   VAR 10       1.68       5.68        - -       0.04       0.15       0.97
   VAR 11       7.49       4.21        - -       0.36       2.91       0.38
   VAR 12       1.44       0.07       0.04        - -       0.02       0.62
   VAR 13       1.44       0.07       0.04        - -       0.02       0.62
   VAR 14       0.26       2.58       3.39       0.14        - -       0.01
   VAR 15       0.26       2.58       3.39       0.14        - -       0.01
   VAR 16       1.23       3.99       1.96       0.05       0.00        - -
   VAR 17       1.23       3.99       1.96       0.05       0.00        - -
   VAR 18       0.81       0.22       0.03       1.04       0.26       0.38
   VAR 19       0.81       0.22       0.03       1.04       0.26       0.38
   VAR 20       0.00       0.00       0.07       1.60       0.17       0.68
   VAR 21       0.00       0.00       0.07       1.60       0.17       0.68
   VAR 22       0.12       0.23       6.19       0.00       2.18       4.63
   VAR 23      11.54       1.75       2.40       2.19       0.09       0.13
   VAR 24       0.26       0.65       9.67       0.16       2.34       4.10

         Modification Indices for LAMBDA-X       

               KSI 7      KSI 8      KSI 9   
            --------   --------   --------
    VAR 1       0.46       2.25       0.25
    VAR 2       0.22       0.02       0.26
    VAR 3       0.56       1.25       2.81
    VAR 4       0.54       0.93       2.29
    VAR 5       2.14       0.86       0.01
    VAR 6       1.73       1.99       0.07
    VAR 7       0.56       0.01       0.01
    VAR 8       0.06       0.49       5.44
    VAR 9       1.77       1.36       5.84
   VAR 10       2.78       0.01       0.01
   VAR 11       0.05       0.02       1.05
   VAR 12       0.93       0.06       0.00
   VAR 13       0.93       0.06       0.00
   VAR 14       0.59       0.11       2.00
   VAR 15       0.59       0.11       2.00
   VAR 16       0.13       1.00       0.01
   VAR 17       0.13       1.00       0.01
   VAR 18        - -       0.01       0.16
   VAR 19        - -       0.01       0.16
   VAR 20       0.75        - -       0.05
   VAR 21       0.75        - -       0.05
   VAR 22       0.13       3.04        - -
   VAR 23       0.02       0.31        - -
   VAR 24       0.15       3.44        - -

         Expected Change for LAMBDA-X    

               KSI 1      KSI 2      KSI 3      KSI 4      KSI 5      KSI 6   
            --------   --------   --------   --------   --------   --------
    VAR 1        - -      -0.02       0.02      -0.02       0.00      -0.02
    VAR 2        - -       0.00      -0.06      -0.03       0.04       0.08
    VAR 3        - -       0.04      -0.08       0.00      -0.03      -0.11
    VAR 4        - -       0.00       0.11       0.06       0.00       0.06
    VAR 5       0.00        - -      -0.01       0.00       0.00       0.01
    VAR 6       0.00        - -       0.01       0.00       0.00      -0.01
    VAR 7       0.00        - -       0.01       0.00      -0.01       0.00
    VAR 8      -0.04       0.14        - -      -0.01       0.02      -0.02
    VAR 9       0.03      -0.01        - -       0.02      -0.11       0.00
   VAR 10      -0.08      -0.14        - -       0.00       0.02       0.06
   VAR 11       0.19      -0.14        - -       0.02       0.12      -0.04
   VAR 12      -0.07       0.01       0.01        - -      -0.01      -0.04
   VAR 13       0.16      -0.03      -0.02        - -       0.02       0.10
   VAR 14       0.02      -0.07      -0.08       0.01        - -       0.00
   VAR 15      -0.02       0.06       0.08      -0.01        - -       0.00
   VAR 16       0.07      -0.10       0.07       0.01       0.00        - -
   VAR 17      -0.09       0.13      -0.10      -0.01       0.00        - -
   VAR 18      -0.04      -0.02       0.01       0.02      -0.03      -0.03
   VAR 19       0.05       0.03      -0.01      -0.03       0.04       0.04
   VAR 20      -0.01      -0.01       0.05      -0.10      -0.08      -0.14
   VAR 21       0.00       0.01      -0.02       0.04       0.03       0.05
   VAR 22      -0.02      -0.03      -0.30       0.00      -0.10      -0.14
   VAR 23       0.27      -0.10      -0.14      -0.05      -0.02       0.03
   VAR 24      -0.04       0.07       0.50       0.02       0.13       0.17

         Expected Change for LAMBDA-X    

               KSI 7      KSI 8      KSI 9   
            --------   --------   --------
    VAR 1      -0.03      -0.05       0.02
    VAR 2      -0.02       0.01      -0.03
    VAR 3       0.03       0.04      -0.09
    VAR 4       0.03       0.04       0.08
    VAR 5      -0.01       0.00       0.00
    VAR 6       0.01       0.01       0.00
    VAR 7       0.00       0.00       0.00
    VAR 8      -0.01      -0.03      -0.18
    VAR 9      -0.07       0.05       0.19
   VAR 10       0.09       0.00       0.01
   VAR 11       0.02      -0.01       0.09
   VAR 12       0.05       0.01       0.00
   VAR 13      -0.13      -0.03       0.00
   VAR 14      -0.04       0.01       0.07
   VAR 15       0.04      -0.01      -0.07
   VAR 16      -0.02       0.04      -0.01
   VAR 17       0.02      -0.05       0.01
   VAR 18        - -       0.00      -0.02
   VAR 19        - -       0.01       0.03
   VAR 20       0.16        - -      -0.04
   VAR 21      -0.06        - -       0.02
   VAR 22       0.02      -0.09        - -
   VAR 23       0.01      -0.03        - -
   VAR 24      -0.03       0.12        - -

         Standardized Expected Change for LAMBDA-X       

               KSI 1      KSI 2      KSI 3      KSI 4      KSI 5      KSI 6   
            --------   --------   --------   --------   --------   --------
    VAR 1        - -      -0.02       0.02      -0.02       0.00      -0.02
    VAR 2        - -       0.00      -0.06      -0.03       0.04       0.08
    VAR 3        - -       0.04      -0.08       0.00      -0.03      -0.11
    VAR 4        - -       0.00       0.11       0.06       0.00       0.06
    VAR 5       0.00        - -      -0.01       0.00       0.00       0.01
    VAR 6       0.00        - -       0.01       0.00       0.00      -0.01
    VAR 7       0.00        - -       0.01       0.00      -0.01       0.00
    VAR 8      -0.04       0.14        - -      -0.01       0.02      -0.02
    VAR 9       0.03      -0.01        - -       0.02      -0.11       0.00
   VAR 10      -0.08      -0.14        - -       0.00       0.02       0.06
   VAR 11       0.19      -0.14        - -       0.02       0.12      -0.04
   VAR 12      -0.07       0.01       0.01        - -      -0.01      -0.04
   VAR 13       0.16      -0.03      -0.02        - -       0.02       0.10
   VAR 14       0.02      -0.07      -0.08       0.01        - -       0.00
   VAR 15      -0.02       0.06       0.08      -0.01        - -       0.00
   VAR 16       0.07      -0.10       0.07       0.01       0.00        - -
   VAR 17      -0.09       0.13      -0.10      -0.01       0.00        - -
   VAR 18      -0.04      -0.02       0.01       0.02      -0.03      -0.03
   VAR 19       0.05       0.03      -0.01      -0.03       0.04       0.04
   VAR 20      -0.01      -0.01       0.05      -0.10      -0.08      -0.14
   VAR 21       0.00       0.01      -0.02       0.04       0.03       0.05
   VAR 22      -0.02      -0.03      -0.30       0.00      -0.10      -0.14
   VAR 23       0.27      -0.10      -0.14      -0.05      -0.02       0.03
   VAR 24      -0.04       0.07       0.50       0.02       0.13       0.17

         Standardized Expected Change for LAMBDA-X       

               KSI 7      KSI 8      KSI 9   
            --------   --------   --------
    VAR 1      -0.03      -0.05       0.02
    VAR 2      -0.02       0.01      -0.03
    VAR 3       0.03       0.04      -0.09
    VAR 4       0.03       0.04       0.08
    VAR 5      -0.01       0.00       0.00
    VAR 6       0.01       0.01       0.00
    VAR 7       0.00       0.00       0.00
    VAR 8      -0.01      -0.03      -0.18
    VAR 9      -0.07       0.05       0.19
   VAR 10       0.09       0.00       0.01
   VAR 11       0.02      -0.01       0.09
   VAR 12       0.05       0.01       0.00
   VAR 13      -0.13      -0.03       0.00
   VAR 14      -0.04       0.01       0.07
   VAR 15       0.04      -0.01      -0.07
   VAR 16      -0.02       0.04      -0.01
   VAR 17       0.02      -0.05       0.01
   VAR 18        - -       0.00      -0.02
   VAR 19        - -       0.01       0.03
   VAR 20       0.16        - -      -0.04
   VAR 21      -0.06        - -       0.02
   VAR 22       0.02      -0.09        - -
   VAR 23       0.01      -0.03        - -
   VAR 24      -0.03       0.12        - -

         Completely Standardized Expected Change for LAMBDA-X    

               KSI 1      KSI 2      KSI 3      KSI 4      KSI 5      KSI 6   
            --------   --------   --------   --------   --------   --------
    VAR 1        - -      -0.02       0.02      -0.02       0.00      -0.02
    VAR 2        - -       0.00      -0.06      -0.03       0.04       0.08
    VAR 3        - -       0.04      -0.08       0.00      -0.03      -0.11
    VAR 4        - -       0.00       0.11       0.06       0.00       0.06
    VAR 5       0.00        - -      -0.01       0.00       0.00       0.01
    VAR 6       0.00        - -       0.01       0.00       0.00      -0.01
    VAR 7       0.00        - -       0.01       0.00      -0.01       0.00
    VAR 8      -0.04       0.14        - -      -0.01       0.02      -0.02
    VAR 9       0.03      -0.01        - -       0.02      -0.11       0.00
   VAR 10      -0.08      -0.14        - -       0.00       0.02       0.06
   VAR 11       0.19      -0.14        - -       0.02       0.12      -0.04
   VAR 12      -0.07       0.01       0.01        - -      -0.01      -0.04
   VAR 13       0.16      -0.03      -0.02        - -       0.02       0.10
   VAR 14       0.02      -0.07      -0.08       0.01        - -       0.00
   VAR 15      -0.02       0.06       0.08      -0.01        - -       0.00
   VAR 16       0.07      -0.10       0.07       0.01       0.00        - -
   VAR 17      -0.09       0.13      -0.10      -0.01       0.00        - -
   VAR 18      -0.04      -0.02       0.01       0.02      -0.03      -0.03
   VAR 19       0.05       0.03      -0.01      -0.03       0.04       0.04
   VAR 20      -0.01      -0.01       0.05      -0.10      -0.08      -0.14
   VAR 21       0.00       0.01      -0.02       0.04       0.03       0.05
   VAR 22      -0.02      -0.03      -0.30       0.00      -0.10      -0.14
   VAR 23       0.27      -0.10      -0.14      -0.05      -0.02       0.03
   VAR 24      -0.04       0.07       0.50       0.02       0.13       0.17

         Completely Standardized Expected Change for LAMBDA-X    

               KSI 7      KSI 8      KSI 9   
            --------   --------   --------
    VAR 1      -0.03      -0.05       0.02
    VAR 2      -0.02       0.01      -0.03
    VAR 3       0.03       0.04      -0.09
    VAR 4       0.03       0.04       0.08
    VAR 5      -0.01       0.00       0.00
    VAR 6       0.01       0.01       0.00
    VAR 7       0.00       0.00       0.00
    VAR 8      -0.01      -0.03      -0.18
    VAR 9      -0.07       0.05       0.19
   VAR 10       0.09       0.00       0.01
   VAR 11       0.02      -0.01       0.09
   VAR 12       0.05       0.01       0.00
   VAR 13      -0.13      -0.03       0.00
   VAR 14      -0.04       0.01       0.07
   VAR 15       0.04      -0.01      -0.07
   VAR 16      -0.02       0.04      -0.01
   VAR 17       0.02      -0.05       0.01
   VAR 18        - -       0.00      -0.02
   VAR 19        - -       0.01       0.03
   VAR 20       0.16        - -      -0.04
   VAR 21      -0.06        - -       0.02
   VAR 22       0.02      -0.09        - -
   VAR 23       0.01      -0.03        - -
   VAR 24      -0.03       0.12        - -

 No Non-Zero Modification Indices for PHI         

         Modification Indices for THETA-DELTA    

               VAR 1      VAR 2      VAR 3      VAR 4      VAR 5      VAR 6   
            --------   --------   --------   --------   --------   --------
    VAR 1        - -
    VAR 2       3.66        - -
    VAR 3       0.06       2.00        - -
    VAR 4       2.22       0.33       1.77        - -
    VAR 5       1.84       1.65       0.42       0.04        - -
    VAR 6       5.92       2.17       1.48       0.29       0.00        - -
    VAR 7       0.20       0.13       0.05       0.05       0.71       0.36
    VAR 8       0.00       0.99       0.02       1.23       1.37       1.37
    VAR 9       0.44       0.27       0.06       1.09       0.01       0.04
   VAR 10       0.87       0.57       3.08       0.03       0.00       0.21
   VAR 11       0.16       0.85       1.10       0.64       0.25       0.89
   VAR 12       0.09       0.16       3.04      11.20       0.06       0.01
   VAR 13       0.58       0.96       0.43       9.63       0.00       0.02
   VAR 14       0.83       0.18       0.43       0.24       0.00       0.47
   VAR 15       0.44       0.82       0.12       0.00       0.20       0.35
   VAR 16       0.36       0.00       0.03       3.29       1.59       0.09
   VAR 17       0.00       0.95       1.87       0.01       0.00       1.05
   VAR 18       3.61       1.85       2.35       0.72       0.85       0.02
   VAR 19       4.28       0.41       2.41       2.47       0.05       0.44
   VAR 20       4.20       0.05       3.40       0.86       0.26       0.74
   VAR 21       3.21       0.01       5.17       0.04       0.46       0.57
   VAR 22       0.77       1.28       0.10       0.13       4.93       1.03
   VAR 23       0.21       6.07       0.02       0.59       0.32       0.17
   VAR 24       0.75       0.39       0.57       0.11       0.36       0.03

         Modification Indices for THETA-DELTA    

               VAR 7      VAR 8      VAR 9     VAR 10     VAR 11     VAR 12   
            --------   --------   --------   --------   --------   --------
    VAR 7        - -
    VAR 8       0.39        - -
    VAR 9       0.02       7.84        - -
   VAR 10       0.10       8.02       0.26        - -
   VAR 11       0.13       0.97       2.73       6.38        - -
   VAR 12       0.05       0.03       0.26       0.77       0.95        - -
   VAR 13       0.04       0.20       0.41       0.22       0.58        - -
   VAR 14       0.29       3.77       0.03       0.04       0.22       0.21
   VAR 15       1.32       5.62       1.71       0.09       0.35       0.30
   VAR 16       2.74       0.14       0.00       1.42       1.14       0.32
   VAR 17       1.10       0.50       0.18       0.13       1.24       0.85
   VAR 18       1.23       0.00       0.65       4.20       1.13       0.50
   VAR 19       0.08       0.06       0.06       0.48       0.58       1.04
   VAR 20       0.02       0.05       1.55       0.48       0.04       0.00
   VAR 21       0.04       0.36       0.22       1.43       0.00       0.10
   VAR 22       4.78       1.55       0.05       0.09       0.06       0.23
   VAR 23       1.58       0.46       1.55       1.77       0.17       5.03
   VAR 24       1.16       0.51       4.67       0.26       0.02       0.76

         Modification Indices for THETA-DELTA    

              VAR 13     VAR 14     VAR 15     VAR 16     VAR 17     VAR 18   
            --------   --------   --------   --------   --------   --------
   VAR 13        - -
   VAR 14       0.00        - -
   VAR 15       0.00        - -        - -
   VAR 16       0.00       0.01       0.07        - -
   VAR 17       0.07       0.02       0.07        - -        - -
   VAR 18       0.99       1.25       0.77       0.46       1.12        - -
   VAR 19       1.33       0.27       0.09       0.53       1.16        - -
   VAR 20       0.47       0.17       0.15       0.67       1.03       0.76
   VAR 21       0.47       2.94       3.13       0.27       0.80       2.91
   VAR 22       0.04       0.41       1.89       0.53       0.66       5.02
   VAR 23       3.33       3.59       3.91       1.88       0.19       3.78
   VAR 24       0.39       4.08       2.52       1.12       3.51       1.40

         Modification Indices for THETA-DELTA    

              VAR 19     VAR 20     VAR 21     VAR 22     VAR 23     VAR 24   
            --------   --------   --------   --------   --------   --------
   VAR 19        - -
   VAR 20       1.02        - -
   VAR 21       2.95        - -        - -
   VAR 22       3.28       1.24       1.25        - -
   VAR 23       2.46       0.39       0.39       5.41        - -
   VAR 24       1.21       1.07       1.15       0.57       2.33        - -

         Expected Change for THETA-DELTA 

               VAR 1      VAR 2      VAR 3      VAR 4      VAR 5      VAR 6   
            --------   --------   --------   --------   --------   --------
    VAR 1        - -
    VAR 2      -0.08        - -
    VAR 3      -0.01       0.05        - -
    VAR 4       0.06       0.02      -0.05        - -
    VAR 5       0.00       0.00       0.00       0.00        - -
    VAR 6      -0.01       0.01       0.00       0.00       0.00        - -
    VAR 7       0.00       0.00       0.00       0.00       0.01      -0.01
    VAR 8       0.00      -0.03       0.00       0.03       0.00       0.00
    VAR 9      -0.02       0.02      -0.01       0.04       0.00       0.00
   VAR 10       0.03      -0.03      -0.06      -0.01       0.00       0.00
   VAR 11       0.01       0.04       0.04      -0.03       0.00       0.00
   VAR 12       0.01       0.01       0.04      -0.07       0.00       0.00
   VAR 13      -0.01      -0.02      -0.01       0.07       0.00       0.00
   VAR 14       0.02      -0.01      -0.02      -0.01       0.00       0.00
   VAR 15      -0.01       0.02       0.01       0.00       0.00       0.00
   VAR 16      -0.01       0.00       0.00       0.06       0.00       0.00
   VAR 17       0.00       0.03      -0.04       0.00       0.00       0.00
   VAR 18       0.04      -0.04      -0.04      -0.02       0.00       0.00
   VAR 19      -0.04       0.02       0.04       0.04       0.00       0.00
   VAR 20      -0.06       0.01       0.07       0.04       0.00       0.00
   VAR 21       0.05       0.00      -0.09      -0.01       0.00       0.00
   VAR 22      -0.03       0.04      -0.01      -0.01       0.01       0.00
   VAR 23      -0.02       0.12      -0.01       0.04       0.00       0.00
   VAR 24       0.02      -0.02      -0.03       0.01       0.00       0.00

         Expected Change for THETA-DELTA 

               VAR 7      VAR 8      VAR 9     VAR 10     VAR 11     VAR 12   
            --------   --------   --------   --------   --------   --------
    VAR 7        - -
    VAR 8       0.00        - -
    VAR 9       0.00      -0.23        - -
   VAR 10       0.00       0.21      -0.03        - -
   VAR 11       0.00       0.06       0.09      -0.13        - -
   VAR 12       0.00       0.00      -0.01       0.02      -0.03        - -
   VAR 13       0.00      -0.01       0.02      -0.01       0.02        - -
   VAR 14       0.00      -0.04       0.00       0.01       0.02       0.01
   VAR 15       0.00       0.05      -0.04      -0.01       0.02      -0.01
   VAR 16      -0.01       0.01       0.00       0.04       0.05       0.01
   VAR 17       0.00      -0.02       0.01      -0.01      -0.05      -0.02
   VAR 18       0.00       0.00      -0.03       0.07      -0.04      -0.02
   VAR 19       0.00      -0.01       0.01      -0.02       0.03       0.03
   VAR 20       0.00      -0.01       0.06      -0.03      -0.01       0.00
   VAR 21       0.00      -0.02      -0.02       0.06       0.00       0.01
   VAR 22      -0.01      -0.05       0.01      -0.01       0.01       0.01
   VAR 23      -0.01       0.03      -0.07      -0.08       0.03       0.08
   VAR 24       0.00      -0.03       0.10       0.02      -0.01      -0.03

         Expected Change for THETA-DELTA 

              VAR 13     VAR 14     VAR 15     VAR 16     VAR 17     VAR 18   
            --------   --------   --------   --------   --------   --------
   VAR 13        - -
   VAR 14       0.00        - -
   VAR 15       0.00        - -        - -
   VAR 16       0.00       0.00       0.01        - -
   VAR 17       0.01       0.00      -0.01        - -        - -
   VAR 18       0.02      -0.03       0.02       0.02      -0.03        - -
   VAR 19      -0.03       0.01      -0.01      -0.02       0.04        - -
   VAR 20      -0.04      -0.01       0.01       0.03      -0.05      -0.03
   VAR 21       0.02       0.06      -0.06      -0.02       0.04       0.06
   VAR 22      -0.01       0.02      -0.04      -0.03      -0.03      -0.08
   VAR 23      -0.06      -0.07       0.08       0.07      -0.02      -0.08
   VAR 24       0.02       0.06      -0.05      -0.04       0.08       0.04

         Expected Change for THETA-DELTA 

              VAR 19     VAR 20     VAR 21     VAR 22     VAR 23     VAR 24   
            --------   --------   --------   --------   --------   --------
   VAR 19        - -
   VAR 20       0.05        - -
   VAR 21      -0.07        - -        - -
   VAR 22       0.07      -0.06      -0.06        - -
   VAR 23       0.07      -0.04       0.04       0.15        - -
   VAR 24      -0.04       0.07       0.06      -0.28      -0.11        - -

         Completely Standardized Expected Change for THETA-DELTA 

               VAR 1      VAR 2      VAR 3      VAR 4      VAR 5      VAR 6   
            --------   --------   --------   --------   --------   --------
    VAR 1        - -
    VAR 2      -0.08        - -
    VAR 3      -0.01       0.05        - -
    VAR 4       0.06       0.02      -0.05        - -
    VAR 5       0.00       0.00       0.00       0.00        - -
    VAR 6      -0.01       0.01       0.00       0.00       0.00        - -
    VAR 7       0.00       0.00       0.00       0.00       0.01      -0.01
    VAR 8       0.00      -0.03       0.00       0.03       0.00       0.00
    VAR 9      -0.02       0.02      -0.01       0.04       0.00       0.00
   VAR 10       0.03      -0.03      -0.06      -0.01       0.00       0.00
   VAR 11       0.01       0.04       0.04      -0.03       0.00       0.00
   VAR 12       0.01       0.01       0.04      -0.07       0.00       0.00
   VAR 13      -0.01      -0.02      -0.01       0.07       0.00       0.00
   VAR 14       0.02      -0.01      -0.02      -0.01       0.00       0.00
   VAR 15      -0.01       0.02       0.01       0.00       0.00       0.00
   VAR 16      -0.01       0.00       0.00       0.06       0.00       0.00
   VAR 17       0.00       0.03      -0.04       0.00       0.00       0.00
   VAR 18       0.04      -0.04      -0.04      -0.02       0.00       0.00
   VAR 19      -0.04       0.02       0.04       0.04       0.00       0.00
   VAR 20      -0.06       0.01       0.07       0.04       0.00       0.00
   VAR 21       0.05       0.00      -0.09      -0.01       0.00       0.00
   VAR 22      -0.03       0.04      -0.01      -0.01       0.01       0.00
   VAR 23      -0.02       0.12      -0.01       0.04       0.00       0.00
   VAR 24       0.02      -0.02      -0.03       0.01       0.00       0.00

         Completely Standardized Expected Change for THETA-DELTA 

               VAR 7      VAR 8      VAR 9     VAR 10     VAR 11     VAR 12   
            --------   --------   --------   --------   --------   --------
    VAR 7        - -
    VAR 8       0.00        - -
    VAR 9       0.00      -0.23        - -
   VAR 10       0.00       0.21      -0.03        - -
   VAR 11       0.00       0.06       0.09      -0.13        - -
   VAR 12       0.00       0.00      -0.01       0.02      -0.03        - -
   VAR 13       0.00      -0.01       0.02      -0.01       0.02        - -
   VAR 14       0.00      -0.04       0.00       0.01       0.02       0.01
   VAR 15       0.00       0.05      -0.04      -0.01       0.02      -0.01
   VAR 16      -0.01       0.01       0.00       0.04       0.05       0.01
   VAR 17       0.00      -0.02       0.01      -0.01      -0.05      -0.02
   VAR 18       0.00       0.00      -0.03       0.07      -0.04      -0.02
   VAR 19       0.00      -0.01       0.01      -0.02       0.03       0.03
   VAR 20       0.00      -0.01       0.06      -0.03      -0.01       0.00
   VAR 21       0.00      -0.02      -0.02       0.06       0.00       0.01
   VAR 22      -0.01      -0.05       0.01      -0.01       0.01       0.01
   VAR 23      -0.01       0.03      -0.07      -0.08       0.03       0.08
   VAR 24       0.00      -0.03       0.10       0.02      -0.01      -0.03

         Completely Standardized Expected Change for THETA-DELTA 

              VAR 13     VAR 14     VAR 15     VAR 16     VAR 17     VAR 18   
            --------   --------   --------   --------   --------   --------
   VAR 13        - -
   VAR 14       0.00        - -
   VAR 15       0.00        - -        - -
   VAR 16       0.00       0.00       0.01        - -
   VAR 17       0.01       0.00      -0.01        - -        - -
   VAR 18       0.02      -0.03       0.02       0.02      -0.03        - -
   VAR 19      -0.03       0.01      -0.01      -0.02       0.04        - -
   VAR 20      -0.04      -0.01       0.01       0.03      -0.05      -0.03
   VAR 21       0.02       0.06      -0.06      -0.02       0.04       0.06
   VAR 22      -0.01       0.02      -0.04      -0.03      -0.03      -0.08
   VAR 23      -0.06      -0.07       0.08       0.07      -0.02      -0.08
   VAR 24       0.02       0.06      -0.05      -0.04       0.08       0.04

         Completely Standardized Expected Change for THETA-DELTA 

              VAR 19     VAR 20     VAR 21     VAR 22     VAR 23     VAR 24   
            --------   --------   --------   --------   --------   --------
   VAR 19        - -
   VAR 20       0.05        - -
   VAR 21      -0.07        - -        - -
   VAR 22       0.07      -0.06      -0.06        - -
   VAR 23       0.07      -0.04       0.04       0.15        - -
   VAR 24      -0.04       0.07       0.06      -0.28      -0.11        - -

 Maximum Modification Index is   11.54 for Element (23, 1) of LAMBDA-X

 DA NI=34 NO=173 MA=KM                                                          

 Standardized Solution           

         LAMBDA-X    

               KSI 1      KSI 2      KSI 3      KSI 4      KSI 5      KSI 6   
            --------   --------   --------   --------   --------   --------
    VAR 1       0.96        - -        - -        - -        - -        - -
    VAR 2       0.81        - -        - -        - -        - -        - -
    VAR 3       0.81        - -        - -        - -        - -        - -
    VAR 4       0.80        - -        - -        - -        - -        - -
    VAR 5        - -       1.00        - -        - -        - -        - -
    VAR 6        - -       1.00        - -        - -        - -        - -
    VAR 7        - -       1.00        - -        - -        - -        - -
    VAR 8        - -        - -       0.97        - -        - -        - -
    VAR 9        - -        - -       0.71        - -        - -        - -
   VAR 10        - -        - -       0.68        - -        - -        - -
   VAR 11        - -        - -       0.50        - -        - -        - -
   VAR 12        - -        - -        - -       0.60        - -        - -
   VAR 13        - -        - -        - -       1.48        - -        - -
   VAR 14        - -        - -        - -        - -       0.96        - -
   VAR 15        - -        - -        - -        - -       0.89        - -
   VAR 16        - -        - -        - -        - -        - -       0.75
   VAR 17        - -        - -        - -        - -        - -       1.02
   VAR 18        - -        - -        - -        - -        - -        - -
   VAR 19        - -        - -        - -        - -        - -        - -
   VAR 20        - -        - -        - -        - -        - -        - -
   VAR 21        - -        - -        - -        - -        - -        - -
   VAR 22        - -        - -        - -        - -        - -        - -
   VAR 23        - -        - -        - -        - -        - -        - -
   VAR 24        - -        - -        - -        - -        - -        - -

         LAMBDA-X    

               KSI 7      KSI 8      KSI 9   
            --------   --------   --------
    VAR 1        - -        - -        - -
    VAR 2        - -        - -        - -
    VAR 3        - -        - -        - -
    VAR 4        - -        - -        - -
    VAR 5        - -        - -        - -
    VAR 6        - -        - -        - -
    VAR 7        - -        - -        - -
    VAR 8        - -        - -        - -
    VAR 9        - -        - -        - -
   VAR 10        - -        - -        - -
   VAR 11        - -        - -        - -
   VAR 12        - -        - -        - -
   VAR 13        - -        - -        - -
   VAR 14        - -        - -        - -
   VAR 15        - -        - -        - -
   VAR 16        - -        - -        - -
   VAR 17        - -        - -        - -
   VAR 18       0.79        - -        - -
   VAR 19       1.03        - -        - -
   VAR 20        - -       1.21        - -
   VAR 21        - -       0.45        - -
   VAR 22        - -        - -       0.66
   VAR 23        - -        - -       0.19
   VAR 24        - -        - -       0.85

         PHI                                     

               KSI 1      KSI 2      KSI 3      KSI 4      KSI 5      KSI 6   
            --------   --------   --------   --------   --------   --------
    KSI 1       1.00
    KSI 2      -0.22       1.00
    KSI 3      -0.08       0.12       1.00
    KSI 4      -0.04       0.01       0.01       1.00
    KSI 5      -0.06       0.01      -0.12       0.09       1.00
    KSI 6      -0.18      -0.03      -0.11       0.00       0.21       1.00
    KSI 7      -0.07      -0.05      -0.06      -0.05       0.22      -0.07
    KSI 8      -0.03      -0.11       0.02       0.01       0.00      -0.01
    KSI 9       0.10      -0.09       0.48       0.05      -0.10      -0.18

         PHI                                     

               KSI 7      KSI 8      KSI 9   
            --------   --------   --------
    KSI 7       1.00
    KSI 8      -0.05       1.00
    KSI 9      -0.05      -0.04       1.00

 DA NI=34 NO=173 MA=KM                                                          

 Completely Standardized Solution

         LAMBDA-X    

               KSI 1      KSI 2      KSI 3      KSI 4      KSI 5      KSI 6   
            --------   --------   --------   --------   --------   --------
    VAR 1       0.96        - -        - -        - -        - -        - -
    VAR 2       0.81        - -        - -        - -        - -        - -
    VAR 3       0.81        - -        - -        - -        - -        - -
    VAR 4       0.80        - -        - -        - -        - -        - -
    VAR 5        - -       1.00        - -        - -        - -        - -
    VAR 6        - -       1.00        - -        - -        - -        - -
    VAR 7        - -       1.00        - -        - -        - -        - -
    VAR 8        - -        - -       0.97        - -        - -        - -
    VAR 9        - -        - -       0.71        - -        - -        - -
   VAR 10        - -        - -       0.68        - -        - -        - -
   VAR 11        - -        - -       0.50        - -        - -        - -
   VAR 12        - -        - -        - -       0.60        - -        - -
   VAR 13        - -        - -        - -       1.48        - -        - -
   VAR 14        - -        - -        - -        - -       0.96        - -
   VAR 15        - -        - -        - -        - -       0.89        - -
   VAR 16        - -        - -        - -        - -        - -       0.75
   VAR 17        - -        - -        - -        - -        - -       1.02
   VAR 18        - -        - -        - -        - -        - -        - -
   VAR 19        - -        - -        - -        - -        - -        - -
   VAR 20        - -        - -        - -        - -        - -        - -
   VAR 21        - -        - -        - -        - -        - -        - -
   VAR 22        - -        - -        - -        - -        - -        - -
   VAR 23        - -        - -        - -        - -        - -        - -
   VAR 24        - -        - -        - -        - -        - -        - -

         LAMBDA-X    

               KSI 7      KSI 8      KSI 9   
            --------   --------   --------
    VAR 1        - -        - -        - -
    VAR 2        - -        - -        - -
    VAR 3        - -        - -        - -
    VAR 4        - -        - -        - -
    VAR 5        - -        - -        - -
    VAR 6        - -        - -        - -
    VAR 7        - -        - -        - -
    VAR 8        - -        - -        - -
    VAR 9        - -        - -        - -
   VAR 10        - -        - -        - -
   VAR 11        - -        - -        - -
   VAR 12        - -        - -        - -
   VAR 13        - -        - -        - -
   VAR 14        - -        - -        - -
   VAR 15        - -        - -        - -
   VAR 16        - -        - -        - -
   VAR 17        - -        - -        - -
   VAR 18       0.79        - -        - -
   VAR 19       1.03        - -        - -
   VAR 20        - -       1.21        - -
   VAR 21        - -       0.45        - -
   VAR 22        - -        - -       0.66
   VAR 23        - -        - -       0.19
   VAR 24        - -        - -       0.85

         PHI                                     

               KSI 1      KSI 2      KSI 3      KSI 4      KSI 5      KSI 6   
            --------   --------   --------   --------   --------   --------
    KSI 1       1.00
    KSI 2      -0.22       1.00
    KSI 3      -0.08       0.12       1.00
    KSI 4      -0.04       0.01       0.01       1.00
    KSI 5      -0.06       0.01      -0.12       0.09       1.00
    KSI 6      -0.18      -0.03      -0.11       0.00       0.21       1.00
    KSI 7      -0.07      -0.05      -0.06      -0.05       0.22      -0.07
    KSI 8      -0.03      -0.11       0.02       0.01       0.00      -0.01
    KSI 9       0.10      -0.09       0.48       0.05      -0.10      -0.18

         PHI                                     

               KSI 7      KSI 8      KSI 9   
            --------   --------   --------
    KSI 7       1.00
    KSI 8      -0.05       1.00
    KSI 9      -0.05      -0.04       1.00

         THETA-DELTA 

               VAR 1      VAR 2      VAR 3      VAR 4      VAR 5      VAR 6   
            --------   --------   --------   --------   --------   --------
                0.09       0.35       0.34       0.36       0.00       0.01

         THETA-DELTA 

               VAR 7      VAR 8      VAR 9     VAR 10     VAR 11     VAR 12   
            --------   --------   --------   --------   --------   --------
                0.01       0.05       0.50       0.54       0.75       0.64

         THETA-DELTA 

              VAR 13     VAR 14     VAR 15     VAR 16     VAR 17     VAR 18   
            --------   --------   --------   --------   --------   --------
               -1.18       0.09       0.20       0.44      -0.04       0.37

         THETA-DELTA 

              VAR 19     VAR 20     VAR 21     VAR 22     VAR 23     VAR 24   
            --------   --------   --------   --------   --------   --------
               -0.05      -0.47       0.80       0.57       0.96       0.27

                           Time used:    0.094 Seconds
